[
    "Іванівна", 
    "Миколаївна", 
    "Іванович", 
    "Миколайович", 
    "Василівна", 
    "Володимирівна", 
    "Васильович", 
    "Володимирович", 
    "Михайлівна", 
    "Олександрівна", 
    "Петрівна", 
    "Олександрович", 
    "Михайлович", 
    "Петрович", 
    "Григорівна", 
    "Вікторівна", 
    "Анатоліївна", 
    "Анатолійович", 
    "Вікторович", 
    "Олексіївна", 
    "Григорович", 
    "Федорівна", 
    "Сергіївна", 
    "Павлівна", 
    "Дмитрівна", 
    "Андріївна", 
    "Степанівна", 
    "Сергійович", 
    "Олексійович", 
    "Федорович", 
    "Дмитрович", 
    "Павлович", 
    "Юріївна", 
    "Степанович", 
    "Андрійович", 
    "Юрійович", 
    "Леонідівна", 
    "Леонідович", 
    "Яківна", 
    "Семенівна", 
    "Борисівна", 
    "Валерійович", 
    "Валеріївна", 
    "Борисович", 
    "Йосипівна", 
    "Антонівна", 
    "Георгіївна", 
    "Євгенівна", 
    "Євгенович", 
    "Семенович", 
    "Якович", 
    "Костянтинівна", 
    "Віталіївна", 
    "Віталійович", 
    "Валентинівна", 
    "Георгійович", 
    "Валентинович", 
    "Йосипович", 
    "Антонович", 
    "Костянтинович", 
    "Романівна", 
    "Іллівна", 
    "Ігорівна", 
    "Тимофіївна", 
    "Ігорович", 
    "Пилипівна", 
    "Ярославівна", 
    "Станіславівна", 
    "Ярославович", 
    "Ілліч", 
    "Романович", 
    "Станіславович", 
    "Максимівна", 
    "Геннадіївна", 
    "Олегович", 
    "Олегівна", 
    "Микитівна", 
    "Данилівна", 
    "Богданівна", 
    "Юхимівна", 
    "Богданович", 
    "Геннадійович", 
    "Кирилівна", 
    "Тимофійович", 
    "Гаврилівна", 
    "Пилипович", 
    "Трохимівна", 
    "Єгорівна", 
    "Леонтіївна", 
    "Максимович", 
    "Кузьмівна", 
    "Євгеніївна", 
    "Данилович", 
    "Юхимович", 
    "Микитович", 
    "Захарівна", 
    "Никифорівна", 
    "Кирилович", 
    "Матвіївна", 
    "Тихонівна", 
    "Гаврилович", 
    "Марківна", 
    "Леонтійович", 
    "Адамівна", 
    "Гнатівна", 
    "Макарівна", 
    "Єгорович", 
    "Євгенійович", 
    "Миронівна", 
    "Трохимович", 
    "Опанасівна", 
    "Омелянівна", 
    "Панасівна", 
    "Митрофанівна", 
    "Аркадіївна", 
    "Афанасіївна", 
    "Адамович", 
    "Миронович", 
    "Денисівна", 
    "Кузьмич", 
    "Аркадійович", 
    "Захарович", 
    "Григоріївна", 
    "Никифорович", 
    "Матвійович", 
    "Тихонович", 
    "Маркович", 
    "Артемівна", 
    "Карпівна", 
    "Терентіївна", 
    "Гнатович", 
    "Едуардівна", 
    "Вадимівна", 
    "Вадимович", 
    "Зіновіївна", 
    "Едуардович", 
    "Федотівна", 
    "Тарасівна", 
    "Макарович", 
    "Стефанівна", 
    "Панасович", 
    "Савівна", 
    "Владиславівна", 
    "Афанасійович", 
    "Мирославівна", 
    "Ігнатівна", 
    "Зіновійович", 
    "Мирославович", 
    "Якимівна", 
    "Сидорівна", 
    "Омелянович", 
    "Опанасович", 
    "Владиславович", 
    "Герасимівна", 
    "Давидівна", 
    "Митрофанович", 
    "Тарасович", 
    "Кіндратівна", 
    "Мефодіївна", 
    "Броніславівна", 
    "Денисович", 
    "Феодосіївна", 
    "Савеліївна", 
    "Григорійович", 
    "Архипівна", 
    "Ільківна", 
    "Онуфріївна", 
    "Теодорівна", 
    "Харитонівна", 
    "Лаврентіївна", 
    "Артемович", 
    "Терентійович", 
    "Броніславович", 
    "Луківна", 
    "Стефанович", 
    "Карпович", 
    "Євдокимівна", 
    "Корніївна", 
    "Давидович", 
    "Ростиславівна", 
    "Савелійович", 
    "Феодосійович", 
    "Казимирівна", 
    "Федотович", 
    "Ростиславович", 
    "Якимович", 
    "Ігнатович", 
    "Остапівна", 
    "Сидорович", 
    "Герасимович", 
    "Орестівна", 
    "Пантелеймонівна", 
    "Іларіонівна", 
    "Мефодійович", 
    "Орестович", 
    "Єфремівна", 
    "Лукич", 
    "Назарівна", 
    "Наумівна", 
    "Теодорович", 
    "Мартинівна", 
    "Мойсеївна", 
    "Ількович", 
    "Онуфрійович", 
    "Кіндратович", 
    "Хомівна", 
    "Климівна", 
    "Казимирович", 
    "Карлівна", 
    "Архипович", 
    "Альбертівна", 
    "Лаврентійович", 
    "Полікарпівна", 
    "Гордіївна", 
    "Остапович", 
    "Іларіонович", 
    "Харитонович", 
    "Прохорівна", 
    "Лазарівна", 
    "Альбертович", 
    "Веніамінівна", 
    "Адольфівна", 
    "Онисимівна", 
    "Всеволодівна", 
    "Євдокимович", 
    "Пантелеймонович", 
    "Юліанівна", 
    "Корнійович", 
    "Карлович", 
    "Абрамівна", 
    "Всеволодович", 
    "Любомирович", 
    "Спиридонівна", 
    "Веніамінович", 
    "Несторівна", 
    "Любомирівна", 
    "Наумович", 
    "Мойсейович", 
    "Трифонівна", 
    "Адольфович", 
    "Єфремович", 
    "Мартинович", 
    "Феліксівна", 
    "Юліанович", 
    "Євстафіївна", 
    "Назарович", 
    "Филимонівна", 
    "Арсенівна", 
    "Юліївна", 
    "Купріянівна", 
    "Абрамович", 
    "Феліксович", 
    "Осипівна", 
    "Климович", 
    "Полікарпович", 
    "Святославівна", 
    "Святославович", 
    "Свиридівна", 
    "Євстахіївна", 
    "Гордійович", 
    "Юлійович", 
    "Прохорович", 
    "Германівна", 
    "Онисимович", 
    "Спиридонович", 
    "Устимівна", 
    "Феофанівна", 
    "Євстафійович", 
    "Фомівна", 
    "Несторович", 
    "Осипович", 
    "Хомич", 
    "Трифонович", 
    "Лазарович", 
    "Рудольфівна", 
    "Савич", 
    "Германович", 
    "Тадеївна", 
    "Самійлівна", 
    "Оксентіївна", 
    "Никанорівна", 
    "Родіонівна", 
    "Вікентіївна", 
    "Русланівна", 
    "Русланович", 
    "Тадейович", 
    "Филимонович", 
    "Ничипорівна", 
    "Ігнатіївна", 
    "Купріянович", 
    "Рудольфович", 
    "Феофанович", 
    "Янівна", 
    "Потапівна", 
    "Фомич", 
    "Арсенович", 
    "Янович", 
    "Артурівна", 
    "Самсонівна", 
    "Євстахійович", 
    "Варфоломіївна", 
    "Артурович", 
    "Вікентійович", 
    "Робертівна", 
    "Єлисеївна", 
    "Порфиріївна", 
    "Свиридович", 
    "Робертович", 
    "Овсіївна", 
    "Сильвестрівна", 
    "Пимонівна", 
    "Порфирійович", 
    "Арсенійович", 
    "Єрмолаївна", 
    "Родіонович", 
    "Никанорович", 
    "Оксентійович", 
    "Зиновіївна", 
    "Устимович", 
    "Устинівна", 
    "Ничипорович", 
    "Самійлович", 
    "Устинович", 
    "Никодимівна", 
    "Венедиктівна", 
    "Євсеївна", 
    "Яремівна", 
    "Потапович", 
    "Інокентіївна", 
    "Альфредівна", 
    "Глібівна", 
    "Арнольдівна", 
    "Сильвестрович", 
    "Овсійович", 
    "Варфоломійович", 
    "Альфредович", 
    "Самсонович", 
    "Владленівна", 
    "Фадеївна", 
    "Глібович", 
    "Арнольдович", 
    "Валеріанівна", 
    "Юзефівна", 
    "Ібрагімович", 
    "Владленович", 
    "Арсеніївна", 
    "Соломонівна", 
    "Вільгельмівна", 
    "Зиновійович", 
    "Венедиктович", 
    "Єрофіївна", 
    "Никодимович", 
    "Юзефович", 
    "Інокентійович", 
    "Валеріанович", 
    "Соломонович", 
    "Фадейович", 
    "Єрмолайович", 
    "Єлисейович", 
    "Пимонович", 
    "Вільгельмович", 
    "Ібрагімівна", 
    "Панкратівна", 
    "Ігнатійович", 
    "Модестівна", 
    "Єпіфанівна", 
    "Євсейович", 
    "Євграфівна", 
    "Капітонівна", 
    "Едвардівна", 
    "Модестович", 
    "Охрімівна", 
    "Агафонівна", 
    "Охрімович", 
    "Едвардович", 
    "Антипівна", 
    "Бенедиктівна", 
    "Онопріївна", 
    "Рубенович", 
    "Клавдіївна", 
    "Філаретівна", 
    "Парамонівна", 
    "Галактіонівна", 
    "Авдіївна", 
    "Вітольдівна", 
    "Леопольдівна", 
    "Клавдійович", 
    "Едмундівна", 
    "Віссаріонівна", 
    "Єрофійович", 
    "Саввівна", 
    "Панкратович", 
    "Яремич", 
    "Філаретович", 
    "Фрідріхівна", 
    "Фрідріхович", 
    "Ферапонтівна", 
    "Ферапонтович", 
    "Устиянівна", 
    "Устиянович", 
    "Уласівна", 
    "Уласович", 
    "Тимурівна", 
    "Тимурович", 
    "Силантіївна", 
    "Силантійович", 
    "Сигізмундівна", 
    "Сигізмундович", 
    "Саввич", 
    "Рубенівна", 
    "Ренатівна", 
    "Ренатович", 
    "Паїсіївна", 
    "Паїсійович", 
    "Парамонович", 
    "Оскарівна", 
    "Оскарович", 
    "Онопрійович", 
    "Олексівна", 
    "Олексович", 
    "Овер'янівна", 
    "Овер'янович", 
    "Нахманівна", 
    "Нахманович", 
    "Мстиславівна", 
    "Мстиславович", 
    "Милославівна", 
    "Милославович", 
    "Меркуріївна", 
    "Меркурійович", 
    "Мар'янівна", 
    "Мар'янович", 
    "Лук'янівна", 
    "Лук'янович", 
    "Леопольдович", 
    "Левівна", 
    "Левович", 
    "Кіндратіївна", 
    "Кіндратійович", 
    "Кас'янівна", 
    "Кас'янович", 
    "Капітонович", 
    "Еммануїлівна", 
    "Еммануїлович", 
    "Ельдарівна", 
    "Ельдарович", 
    "Едмундович", 
    "Едмондівна", 
    "Едмондович", 
    "Едгарівна", 
    "Едгарович", 
    "Дем'янівна", 
    "Дем'янович", 
    "Галактіонович", 
    "Гайдарівна", 
    "Гайдарович", 
    "Вітольдович", 
    "Віссаріонович", 
    "Вольфівна", 
    "Вольфович", 
    "Вереміївна", 
    "Веремійович", 
    "Варламівна", 
    "Варламович", 
    "В'ячеславівна", 
    "В'ячеславович", 
    "Богуславівна", 
    "Богуславович", 
    "Бенедиктович", 
    "Артеміївна", 
    "Артемійович", 
    "Аристархівна", 
    "Аристархович", 
    "Аполлонівна", 
    "Аполлонович", 
    "Антипович", 
    "Адріанівна", 
    "Адріанович", 
    "Агафонович", 
    "Авилівна", 
    "Авилович", 
    "Авдійович", 
    "Абрахамівна", 
    "Абрахамович", 
    "Абдурахманівна", 
    "Абдурахманович", 
    "Іракліївна", 
    "Іраклійович", 
    "Іполитівна", 
    "Іполитович", 
    "Іпатіївна", 
    "Іпатійович", 
    "Іліодорівна", 
    "Іліодорович", 
    "Єпіфанович", 
    "Євграфович"
]